0 info it worked if it ends with ok
1 verbose cli [ '/Users/robhicks/.nvm/versions/node/v6.7.0/bin/node',
1 verbose cli   '/Users/robhicks/.nvm/versions/node/v6.7.0/bin/npm',
1 verbose cli   'run',
1 verbose cli   'karma' ]
2 info using npm@3.10.3
3 info using node@v6.7.0
4 verbose run-script [ 'prekarma', 'karma', 'postkarma' ]
5 info lifecycle es2015-router@1.0.0~prekarma: es2015-router@1.0.0
6 silly lifecycle es2015-router@1.0.0~prekarma: no script for prekarma, continuing
7 info lifecycle es2015-router@1.0.0~karma: es2015-router@1.0.0
8 verbose lifecycle es2015-router@1.0.0~karma: unsafe-perm in lifecycle true
9 verbose lifecycle es2015-router@1.0.0~karma: PATH: /Users/robhicks/.nvm/versions/node/v6.7.0/lib/node_modules/npm/bin/node-gyp-bin:/Users/robhicks/dev/es2015-router/node_modules/.bin:/Users/robhicks/.nvm/versions/node/v6.7.0/bin:/Users/robhicks/.nvm/versions/node/v6.7.0/bin:/usr/local/bin:/usr/bin:/bin:/usr/sbin:/sbin
10 verbose lifecycle es2015-router@1.0.0~karma: CWD: /Users/robhicks/dev/es2015-router
11 silly lifecycle es2015-router@1.0.0~karma: Args: [ '-c', 'karma start karma.conf.js' ]
12 silly lifecycle es2015-router@1.0.0~karma: Returned: code: 1  signal: null
13 info lifecycle es2015-router@1.0.0~karma: Failed to exec karma script
14 verbose stack Error: es2015-router@1.0.0 karma: `karma start karma.conf.js`
14 verbose stack Exit status 1
14 verbose stack     at EventEmitter.<anonymous> (/Users/robhicks/.nvm/versions/node/v6.7.0/lib/node_modules/npm/lib/utils/lifecycle.js:242:16)
14 verbose stack     at emitTwo (events.js:106:13)
14 verbose stack     at EventEmitter.emit (events.js:191:7)
14 verbose stack     at ChildProcess.<anonymous> (/Users/robhicks/.nvm/versions/node/v6.7.0/lib/node_modules/npm/lib/utils/spawn.js:40:14)
14 verbose stack     at emitTwo (events.js:106:13)
14 verbose stack     at ChildProcess.emit (events.js:191:7)
14 verbose stack     at maybeClose (internal/child_process.js:877:16)
14 verbose stack     at Process.ChildProcess._handle.onexit (internal/child_process.js:226:5)
15 verbose pkgid es2015-router@1.0.0
16 verbose cwd /Users/robhicks/dev/es2015-router
17 error Darwin 15.6.0
18 error argv "/Users/robhicks/.nvm/versions/node/v6.7.0/bin/node" "/Users/robhicks/.nvm/versions/node/v6.7.0/bin/npm" "run" "karma"
19 error node v6.7.0
20 error npm  v3.10.3
21 error code ELIFECYCLE
22 error es2015-router@1.0.0 karma: `karma start karma.conf.js`
22 error Exit status 1
23 error Failed at the es2015-router@1.0.0 karma script 'karma start karma.conf.js'.
23 error Make sure you have the latest version of node.js and npm installed.
23 error If you do, this is most likely a problem with the es2015-router package,
23 error not with npm itself.
23 error Tell the author that this fails on your system:
23 error     karma start karma.conf.js
23 error You can get information on how to open an issue for this project with:
23 error     npm bugs es2015-router
23 error Or if that isn't available, you can get their info via:
23 error     npm owner ls es2015-router
23 error There is likely additional logging output above.
24 verbose exit [ 1, true ]
